0 info it worked if it ends with ok
1 verbose cli [ '/usr/local/bin/node', '/usr/local/bin/npm', 'start' ]
2 info using npm@3.3.12
3 info using node@v5.2.0
4 verbose run-script [ 'prestart', 'start', 'poststart' ]
5 info lifecycle chat2@0.0.0~prestart: chat2@0.0.0
6 silly lifecycle chat2@0.0.0~prestart: no script for prestart, continuing
7 info lifecycle chat2@0.0.0~start: chat2@0.0.0
8 verbose lifecycle chat2@0.0.0~start: unsafe-perm in lifecycle true
9 verbose lifecycle chat2@0.0.0~start: PATH: /usr/local/lib/node_modules/npm/bin/node-gyp-bin:/home/bernhard/nodeapps/2016/feathers/chat2/node_modules/.bin:/usr/local/sbin:/usr/local/bin:/usr/sbin:/usr/bin:/sbin:/bin:/usr/games:/usr/local/games
10 verbose lifecycle chat2@0.0.0~start: CWD: /home/bernhard/nodeapps/2016/feathers/chat2
11 silly lifecycle chat2@0.0.0~start: Args: [ '-c', 'node src/' ]
12 silly lifecycle chat2@0.0.0~start: Returned: code: 1  signal: null
13 info lifecycle chat2@0.0.0~start: Failed to exec start script
14 verbose stack Error: chat2@0.0.0 start: `node src/`
14 verbose stack Exit status 1
14 verbose stack     at EventEmitter.<anonymous> (/usr/local/lib/node_modules/npm/lib/utils/lifecycle.js:232:16)
14 verbose stack     at emitTwo (events.js:88:13)
14 verbose stack     at EventEmitter.emit (events.js:173:7)
14 verbose stack     at ChildProcess.<anonymous> (/usr/local/lib/node_modules/npm/lib/utils/spawn.js:24:14)
14 verbose stack     at emitTwo (events.js:88:13)
14 verbose stack     at ChildProcess.emit (events.js:173:7)
14 verbose stack     at maybeClose (internal/child_process.js:819:16)
14 verbose stack     at Process.ChildProcess._handle.onexit (internal/child_process.js:212:5)
15 verbose pkgid chat2@0.0.0
16 verbose cwd /home/bernhard/nodeapps/2016/feathers/chat2
17 error Linux 4.2.0-30-generic
18 error argv "/usr/local/bin/node" "/usr/local/bin/npm" "start"
19 error node v5.2.0
20 error npm  v3.3.12
21 error code ELIFECYCLE
22 error chat2@0.0.0 start: `node src/`
22 error Exit status 1
23 error Failed at the chat2@0.0.0 start script 'node src/'.
23 error Make sure you have the latest version of node.js and npm installed.
23 error If you do, this is most likely a problem with the chat2 package,
23 error not with npm itself.
23 error Tell the author that this fails on your system:
23 error     node src/
23 error You can get their info via:
23 error     npm owner ls chat2
23 error There is likely additional logging output above.
24 verbose exit [ 1, true ]
